c:\users\dx\documents\visual studio 2015\projects\qtguiapplication4\qtguiapplication4\x64\debug\vc140.pdb
c:\users\dx\documents\visual studio 2015\projects\qtguiapplication4\qtguiapplication4\x64\debug\main.obj
c:\users\dx\documents\visual studio 2015\projects\qtguiapplication4\qtguiapplication4\x64\debug\qcustomplot.obj
c:\users\dx\documents\visual studio 2015\projects\qtguiapplication4\qtguiapplication4\x64\debug\qtguiapplication4.obj
c:\users\dx\documents\visual studio 2015\projects\qtguiapplication4\qtguiapplication4\x64\debug\moc_qtguiapplication4.obj
c:\users\dx\documents\visual studio 2015\projects\qtguiapplication4\qtguiapplication4\x64\debug\moc_qcustomplot.obj
c:\users\dx\documents\visual studio 2015\projects\qtguiapplication4\qtguiapplication4\x64\debug\qrc_qtguiapplication4.obj
c:\users\dx\documents\visual studio 2015\projects\qtguiapplication4\qtguiapplication4\generatedfiles\ui_qtguiapplication4.h
c:\users\dx\documents\visual studio 2015\projects\qtguiapplication4\qtguiapplication4\generatedfiles\qrc_qtguiapplication4.cpp
c:\users\dx\documents\visual studio 2015\projects\qtguiapplication4\qtguiapplication4\generatedfiles\debug\moc_qtguiapplication4.cpp
c:\users\dx\documents\visual studio 2015\projects\qtguiapplication4\qtguiapplication4\generatedfiles\debug\moc_qcustomplot.cpp
c:\users\dx\documents\visual studio 2015\projects\qtguiapplication4\x64\debug\qtguiapplication4.pdb
c:\users\dx\documents\visual studio 2015\projects\qtguiapplication4\qtguiapplication4\x64\debug\qtguiapp.b12702ad.tlog\cl.command.1.tlog
c:\users\dx\documents\visual studio 2015\projects\qtguiapplication4\qtguiapplication4\x64\debug\qtguiapp.b12702ad.tlog\cl.read.1.tlog
c:\users\dx\documents\visual studio 2015\projects\qtguiapplication4\qtguiapplication4\x64\debug\qtguiapp.b12702ad.tlog\cl.write.1.tlog
c:\users\dx\documents\visual studio 2015\projects\qtguiapplication4\qtguiapplication4\x64\debug\qtguiapp.b12702ad.tlog\custombuild.command.1.tlog
c:\users\dx\documents\visual studio 2015\projects\qtguiapplication4\qtguiapplication4\x64\debug\qtguiapp.b12702ad.tlog\custombuild.read.1.tlog
c:\users\dx\documents\visual studio 2015\projects\qtguiapplication4\qtguiapplication4\x64\debug\qtguiapp.b12702ad.tlog\custombuild.write.1.tlog
c:\users\dx\documents\visual studio 2015\projects\qtguiapplication4\qtguiapplication4\x64\debug\qtguiapp.b12702ad.tlog\link-cvtres.read.1.tlog
c:\users\dx\documents\visual studio 2015\projects\qtguiapplication4\qtguiapplication4\x64\debug\qtguiapp.b12702ad.tlog\link-cvtres.write.1.tlog
c:\users\dx\documents\visual studio 2015\projects\qtguiapplication4\qtguiapplication4\x64\debug\qtguiapp.b12702ad.tlog\link-rc.read.1.tlog
c:\users\dx\documents\visual studio 2015\projects\qtguiapplication4\qtguiapplication4\x64\debug\qtguiapp.b12702ad.tlog\link-rc.write.1.tlog
c:\users\dx\documents\visual studio 2015\projects\qtguiapplication4\qtguiapplication4\x64\debug\qtguiapp.b12702ad.tlog\link.12428-cvtres.read.1.tlog
c:\users\dx\documents\visual studio 2015\projects\qtguiapplication4\qtguiapplication4\x64\debug\qtguiapp.b12702ad.tlog\link.12428-cvtres.write.1.tlog
c:\users\dx\documents\visual studio 2015\projects\qtguiapplication4\qtguiapplication4\x64\debug\qtguiapp.b12702ad.tlog\link.12428-rc.read.1.tlog
c:\users\dx\documents\visual studio 2015\projects\qtguiapplication4\qtguiapplication4\x64\debug\qtguiapp.b12702ad.tlog\link.12428-rc.write.1.tlog
c:\users\dx\documents\visual studio 2015\projects\qtguiapplication4\qtguiapplication4\x64\debug\qtguiapp.b12702ad.tlog\link.12428.read.1.tlog
c:\users\dx\documents\visual studio 2015\projects\qtguiapplication4\qtguiapplication4\x64\debug\qtguiapp.b12702ad.tlog\link.12428.write.1.tlog
c:\users\dx\documents\visual studio 2015\projects\qtguiapplication4\qtguiapplication4\x64\debug\qtguiapp.b12702ad.tlog\link.command.1.tlog
c:\users\dx\documents\visual studio 2015\projects\qtguiapplication4\qtguiapplication4\x64\debug\qtguiapp.b12702ad.tlog\link.read.1.tlog
c:\users\dx\documents\visual studio 2015\projects\qtguiapplication4\qtguiapplication4\x64\debug\qtguiapp.b12702ad.tlog\link.write.1.tlog
