Flow report for FPGA_I2C_CAP_v2
Mon Dec  9 15:04:01 2013
Quartus II 64-Bit Version 13.0.1 Build 232 06/12/2013 Service Pack 1 SJ Web Edition


---------------------
; Table of Contents ;
---------------------
  1. Legal Notice
  2. Flow Summary
  3. Flow Settings
  4. Flow Non-Default Global Settings
  5. Flow Elapsed Time
  6. Flow OS Summary
  7. Flow Log
  8. Flow Messages
  9. Flow Suppressed Messages



----------------
; Legal Notice ;
----------------
Copyright (C) 1991-2013 Altera Corporation
Your use of Altera Corporation's design tools, logic functions 
and other software and tools, and its AMPP partner logic 
functions, and any output files from any of the foregoing 
(including device programming or simulation files), and any 
associated documentation or information are expressly subject 
to the terms and conditions of the Altera Program License 
Subscription Agreement, Altera MegaCore Function License 
Agreement, or other applicable license agreement, including, 
without limitation, that your use is for the sole purpose of 
programming logic devices manufactured by Altera and sold by 
Altera or its authorized distributors.  Please refer to the 
applicable agreement for further details.



+--------------------------------------------------------------------------------------+
; Flow Summary                                                                         ;
+------------------------------------+-------------------------------------------------+
; Flow Status                        ; Successful - Mon Dec  9 15:04:01 2013           ;
; Quartus II 64-Bit Version          ; 13.0.1 Build 232 06/12/2013 SP 1 SJ Web Edition ;
; Revision Name                      ; FPGA_I2C_CAP_v2                                 ;
; Top-level Entity Name              ; FPGA_I2C_CAP_v1                                 ;
; Family                             ; Cyclone IV E                                    ;
; Device                             ; EP4CE22F17C6                                    ;
; Timing Models                      ; Final                                           ;
; Total logic elements               ; 21,216 / 22,320 ( 95 % )                        ;
;     Total combinational functions  ; 20,928 / 22,320 ( 94 % )                        ;
;     Dedicated logic registers      ; 12,469 / 22,320 ( 56 % )                        ;
; Total registers                    ; 12469                                           ;
; Total pins                         ; 86 / 154 ( 56 % )                               ;
; Total virtual pins                 ; 0                                               ;
; Total memory bits                  ; 0 / 608,256 ( 0 % )                             ;
; Embedded Multiplier 9-bit elements ; 0 / 132 ( 0 % )                                 ;
; Total PLLs                         ; 0 / 4 ( 0 % )                                   ;
+------------------------------------+-------------------------------------------------+


+-----------------------------------------+
; Flow Settings                           ;
+-------------------+---------------------+
; Option            ; Setting             ;
+-------------------+---------------------+
; Start date & time ; 12/09/2013 15:00:35 ;
; Main task         ; Compilation         ;
; Revision Name     ; FPGA_I2C_CAP_v2     ;
+-------------------+---------------------+


+-------------------------------------------------------------------------------------------------------------------------------------------------------------+
; Flow Non-Default Global Settings                                                                                                                            ;
+-------------------------------------+------------------------------------------------------------+-----------------+-----------------+----------------------+
; Assignment Name                     ; Value                                                      ; Default Value   ; Entity Name     ; Section Id           ;
+-------------------------------------+------------------------------------------------------------+-----------------+-----------------+----------------------+
; COMPILER_SIGNATURE_ID               ; 268749065972991.138663003507168                            ; --              ; --              ; --                   ;
; EDA_DESIGN_ENTRY_SYNTHESIS_TOOL     ; Design Compiler                                            ; <None>          ; --              ; --                   ;
; EDA_INPUT_DATA_FORMAT               ; Edif                                                       ; --              ; --              ; eda_design_synthesis ;
; EDA_INPUT_VCC_NAME                  ; Vdd                                                        ; --              ; --              ; eda_design_synthesis ;
; EDA_LMF_FILE                        ; altsyn.lmf                                                 ; --              ; --              ; eda_design_synthesis ;
; ENABLE_DRC_SETTINGS                 ; On                                                         ; Off             ; --              ; --                   ;
; ENABLE_SIGNALTAP                    ; Off                                                        ; --              ; --              ; --                   ;
; MAX_CORE_JUNCTION_TEMP              ; 85                                                         ; --              ; --              ; --                   ;
; MIN_CORE_JUNCTION_TEMP              ; 0                                                          ; --              ; --              ; --                   ;
; OUTPUT_IO_TIMING_FAR_END_VMEAS      ; Half Signal Swing                                          ; --              ; --              ; --                   ;
; OUTPUT_IO_TIMING_FAR_END_VMEAS      ; Half Signal Swing                                          ; --              ; --              ; --                   ;
; OUTPUT_IO_TIMING_NEAR_END_VMEAS     ; Half Vccio                                                 ; --              ; --              ; --                   ;
; OUTPUT_IO_TIMING_NEAR_END_VMEAS     ; Half Vccio                                                 ; --              ; --              ; --                   ;
; PARTITION_COLOR                     ; 16764057                                                   ; --              ; FPGA_I2C_CAP_v1 ; Top                  ;
; PARTITION_FITTER_PRESERVATION_LEVEL ; PLACEMENT_AND_ROUTING                                      ; --              ; FPGA_I2C_CAP_v1 ; Top                  ;
; PARTITION_NETLIST_TYPE              ; SOURCE                                                     ; --              ; FPGA_I2C_CAP_v1 ; Top                  ;
; POWER_BOARD_THERMAL_MODEL           ; None (CONSERVATIVE)                                        ; --              ; --              ; --                   ;
; POWER_PRESET_COOLING_SOLUTION       ; 23 MM HEAT SINK WITH 200 LFPM AIRFLOW                      ; --              ; --              ; --                   ;
; SLD_FILE                            ; /home/ssafarik/FeedingDetector/FPGA/stp3_auto_stripped.stp ; --              ; --              ; --                   ;
; SMART_RECOMPILE                     ; On                                                         ; Off             ; --              ; --                   ;
; TOP_LEVEL_ENTITY                    ; FPGA_I2C_CAP_v1                                            ; FPGA_I2C_CAP_v2 ; --              ; --                   ;
; USE_SIGNALTAP_FILE                  ; stp3.stp                                                   ; --              ; --              ; --                   ;
; WEAK_PULL_UP_RESISTOR               ; On                                                         ; Off             ; --              ; --                   ;
+-------------------------------------+------------------------------------------------------------+-----------------+-----------------+----------------------+


+-------------------------------------------------------------------------------------------------------------------------------+
; Flow Elapsed Time                                                                                                             ;
+---------------------------+--------------+-------------------------+---------------------+------------------------------------+
; Module Name               ; Elapsed Time ; Average Processors Used ; Peak Virtual Memory ; Total CPU Time (on all processors) ;
+---------------------------+--------------+-------------------------+---------------------+------------------------------------+
; Analysis & Synthesis      ; 00:01:08     ; 1.0                     ; 788 MB              ; 00:01:08                           ;
; Fitter                    ; 00:01:35     ; 1.9                     ; 1141 MB             ; 00:02:26                           ;
; Assembler                 ; 00:00:03     ; 1.0                     ; 611 MB              ; 00:00:03                           ;
; TimeQuest Timing Analyzer ; 00:00:12     ; 1.5                     ; 931 MB              ; 00:00:19                           ;
; Design Assistant          ; 00:00:05     ; 1.0                     ; 951 MB              ; 00:00:05                           ;
; Total                     ; 00:03:03     ; --                      ; --                  ; 00:04:01                           ;
+---------------------------+--------------+-------------------------+---------------------+------------------------------------+


+---------------------------------------------------------------------------------------------+
; Flow OS Summary                                                                             ;
+---------------------------+------------------+----------------+------------+----------------+
; Module Name               ; Machine Hostname ; OS Name        ; OS Version ; Processor type ;
+---------------------------+------------------+----------------+------------+----------------+
; Analysis & Synthesis      ; flappy           ; Ubuntu 12.04.3 ; 12         ; x86_64         ;
; Fitter                    ; flappy           ; Ubuntu 12.04.3 ; 12         ; x86_64         ;
; Assembler                 ; flappy           ; Ubuntu 12.04.3 ; 12         ; x86_64         ;
; TimeQuest Timing Analyzer ; flappy           ; Ubuntu 12.04.3 ; 12         ; x86_64         ;
; Design Assistant          ; flappy           ; Ubuntu 12.04.3 ; 12         ; x86_64         ;
+---------------------------+------------------+----------------+------------+----------------+


------------
; Flow Log ;
------------
quartus_map --read_settings_files=on --write_settings_files=off FPGA_I2C_CAP_v1 -c FPGA_I2C_CAP_v2
quartus_fit --read_settings_files=off --write_settings_files=off FPGA_I2C_CAP_v1 -c FPGA_I2C_CAP_v2
quartus_asm --read_settings_files=off --write_settings_files=off FPGA_I2C_CAP_v1 -c FPGA_I2C_CAP_v2
quartus_sta FPGA_I2C_CAP_v1 -c FPGA_I2C_CAP_v2
quartus_drc --read_settings_files=off --write_settings_files=off FPGA_I2C_CAP_v1 -c FPGA_I2C_CAP_v2
quartus_eda --read_settings_files=off --write_settings_files=off FPGA_I2C_CAP_v1 -c FPGA_I2C_CAP_v2



