c:\users\dx\documents\visual studio 2015\projects\qtguiapplication4\qtguiapplication4\x64\release\qtguiapplication4.obj
c:\users\dx\documents\visual studio 2015\projects\qtguiapplication4\qtguiapplication4\x64\release\qcustomplot.obj
c:\users\dx\documents\visual studio 2015\projects\qtguiapplication4\qtguiapplication4\x64\release\main.obj
c:\users\dx\documents\visual studio 2015\projects\qtguiapplication4\qtguiapplication4\x64\release\moc_qtguiapplication4.obj
c:\users\dx\documents\visual studio 2015\projects\qtguiapplication4\qtguiapplication4\x64\release\moc_qcustomplot.obj
c:\users\dx\documents\visual studio 2015\projects\qtguiapplication4\qtguiapplication4\x64\release\functions.obj
c:\users\dx\documents\visual studio 2015\projects\qtguiapplication4\qtguiapplication4\x64\release\qrc_qtguiapplication4.obj
c:\users\dx\documents\visual studio 2015\projects\qtguiapplication4\qtguiapplication4\generatedfiles\release\moc_qtguiapplication4.cpp
c:\users\dx\documents\visual studio 2015\projects\qtguiapplication4\qtguiapplication4\generatedfiles\ui_qtguiapplication4.h
c:\users\dx\documents\visual studio 2015\projects\qtguiapplication4\qtguiapplication4\generatedfiles\release\moc_qcustomplot.cpp
c:\users\dx\documents\visual studio 2015\projects\qtguiapplication4\qtguiapplication4\generatedfiles\qrc_qtguiapplication4.cpp
c:\users\dx\documents\visual studio 2015\projects\qtguiapplication4\x64\release\qtguiapplication4.exe
c:\users\dx\documents\visual studio 2015\projects\qtguiapplication4\qtguiapplication4\x64\release\qtguiapplication4.res
c:\users\dx\documents\visual studio 2015\projects\qtguiapplication4\qtguiapplication4\x64\release\qtguiapp.b12702ad.tlog\cl.command.1.tlog
c:\users\dx\documents\visual studio 2015\projects\qtguiapplication4\qtguiapplication4\x64\release\qtguiapp.b12702ad.tlog\cl.read.1.tlog
c:\users\dx\documents\visual studio 2015\projects\qtguiapplication4\qtguiapplication4\x64\release\qtguiapp.b12702ad.tlog\cl.write.1.tlog
c:\users\dx\documents\visual studio 2015\projects\qtguiapplication4\qtguiapplication4\x64\release\qtguiapp.b12702ad.tlog\custombuild.command.1.tlog
c:\users\dx\documents\visual studio 2015\projects\qtguiapplication4\qtguiapplication4\x64\release\qtguiapp.b12702ad.tlog\custombuild.read.1.tlog
c:\users\dx\documents\visual studio 2015\projects\qtguiapplication4\qtguiapplication4\x64\release\qtguiapp.b12702ad.tlog\custombuild.write.1.tlog
c:\users\dx\documents\visual studio 2015\projects\qtguiapplication4\qtguiapplication4\x64\release\qtguiapp.b12702ad.tlog\link.command.1.tlog
c:\users\dx\documents\visual studio 2015\projects\qtguiapplication4\qtguiapplication4\x64\release\qtguiapp.b12702ad.tlog\link.read.1.tlog
c:\users\dx\documents\visual studio 2015\projects\qtguiapplication4\qtguiapplication4\x64\release\qtguiapp.b12702ad.tlog\link.write.1.tlog
c:\users\dx\documents\visual studio 2015\projects\qtguiapplication4\qtguiapplication4\x64\release\qtguiapp.b12702ad.tlog\rc.command.1.tlog
c:\users\dx\documents\visual studio 2015\projects\qtguiapplication4\qtguiapplication4\x64\release\qtguiapp.b12702ad.tlog\rc.read.1.tlog
c:\users\dx\documents\visual studio 2015\projects\qtguiapplication4\qtguiapplication4\x64\release\qtguiapp.b12702ad.tlog\rc.write.1.tlog
